# JRE version: OpenJDK Runtime Environment (8.0_202-b03) (build 1.8.0_202-release-1483-b03)
# Java VM: OpenJDK 64-Bit Server VM (25.202-b03 mixed mode windows-amd64 compressed oops)
Heap:
 PSYoungGen      total 403968K, used 21545K [0x00000000e0000000, 0x0000000100000000, 0x0000000100000000)
  eden space 346112K, 1% used [0x00000000e0000000,0x00000000e04aea68,0x00000000f5200000)
  from space 57856K, 28% used [0x00000000fc780000,0x00000000fd7db9e8,0x0000000100000000)
  to   space 89088K, 0% used [0x00000000f5200000,0x00000000f5200000,0x00000000fa900000)
 ParOldGen       total 407552K, used 198764K [0x00000000a0000000, 0x00000000b8e00000, 0x00000000e0000000)
  object space 407552K, 48% used [0x00000000a0000000,0x00000000ac21b200,0x00000000b8e00000)
 Metaspace       used 91514K, capacity 95650K, committed 96000K, reserved 1132544K
  class space    used 12079K, capacity 12938K, committed 13056K, reserved 1048576K
GC Heap History (10 events):
Event: 93.972 GC heap before
{Heap before GC invocations=18 (full 3):
 PSYoungGen      total 371712K, used 371693K [0x00000000e0000000, 0x00000000fb000000, 0x0000000100000000)
  eden space 327680K, 100% used [0x00000000e0000000,0x00000000f4000000,0x00000000f4000000)
  from space 44032K, 99% used [0x00000000f7300000,0x00000000f9dfb568,0x00000000f9e00000)
  to   space 52224K, 0% used [0x00000000f4000000,0x00000000f4000000,0x00000000f7300000)
 ParOldGen       total 199168K, used 88095K [0x00000000a0000000, 0x00000000ac280000, 0x00000000e0000000)
  object space 199168K, 44% used [0x00000000a0000000,0x00000000a5607ef8,0x00000000ac280000)
 Metaspace       used 81755K, capacity 85600K, committed 85888K, reserved 1124352K
  class space    used 10735K, capacity 11553K, committed 11648K, reserved 1048576K
Event: 94.044 GC heap after
Heap after GC invocations=18 (full 3):
 PSYoungGen      total 379904K, used 40182K [0x00000000e0000000, 0x00000000fd780000, 0x0000000100000000)
  eden space 327680K, 0% used [0x00000000e0000000,0x00000000e0000000,0x00000000f4000000)
  from space 52224K, 76% used [0x00000000f4000000,0x00000000f673d840,0x00000000f7300000)
  to   space 55808K, 0% used [0x00000000fa100000,0x00000000fa100000,0x00000000fd780000)
 ParOldGen       total 199168K, used 102137K [0x00000000a0000000, 0x00000000ac280000, 0x00000000e0000000)
  object space 199168K, 51% used [0x00000000a0000000,0x00000000a63be660,0x00000000ac280000)
 Metaspace       used 81755K, capacity 85600K, committed 85888K, reserved 1124352K
  class space    used 10735K, capacity 11553K, committed 11648K, reserved 1048576K
}
Event: 94.046 GC heap before
{Heap before GC invocations=19 (full 3):
 PSYoungGen      total 379904K, used 45192K [0x00000000e0000000, 0x00000000fd780000, 0x0000000100000000)
  eden space 327680K, 1% used [0x00000000e0000000,0x00000000e04e4900,0x00000000f4000000)
  from space 52224K, 76% used [0x00000000f4000000,0x00000000f673d840,0x00000000f7300000)
  to   space 55808K, 0% used [0x00000000fa100000,0x00000000fa100000,0x00000000fd780000)
 ParOldGen       total 199168K, used 102137K [0x00000000a0000000, 0x00000000ac280000, 0x00000000e0000000)
  object space 199168K, 51% used [0x00000000a0000000,0x00000000a63be660,0x00000000ac280000)
 Metaspace       used 81756K, capacity 85600K, committed 85888K, reserved 1124352K
  class space    used 10735K, capacity 11553K, committed 11648K, reserved 1048576K
Event: 94.098 GC heap after
Heap after GC invocations=19 (full 3):
 PSYoungGen      total 424960K, used 39005K [0x00000000e0000000, 0x0000000100000000, 0x0000000100000000)
  eden space 369152K, 0% used [0x00000000e0000000,0x00000000e0000000,0x00000000f6880000)
  from space 55808K, 69% used [0x00000000fa100000,0x00000000fc717650,0x00000000fd780000)
  to   space 57856K, 0% used [0x00000000f6880000,0x00000000f6880000,0x00000000fa100000)
 ParOldGen       total 199168K, used 102137K [0x00000000a0000000, 0x00000000ac280000, 0x00000000e0000000)
  object space 199168K, 51% used [0x00000000a0000000,0x00000000a63be660,0x00000000ac280000)
 Metaspace       used 81756K, capacity 85600K, committed 85888K, reserved 1124352K
  class space    used 10735K, capacity 11553K, committed 11648K, reserved 1048576K
}
Event: 102.916 GC heap before
{Heap before GC invocations=20 (full 3):
 PSYoungGen      total 424960K, used 408157K [0x00000000e0000000, 0x0000000100000000, 0x0000000100000000)
  eden space 369152K, 100% used [0x00000000e0000000,0x00000000f6880000,0x00000000f6880000)
  from space 55808K, 69% used [0x00000000fa100000,0x00000000fc717650,0x00000000fd780000)
  to   space 57856K, 0% used [0x00000000f6880000,0x00000000f6880000,0x00000000fa100000)
 ParOldGen       total 199168K, used 102137K [0x00000000a0000000, 0x00000000ac280000, 0x00000000e0000000)
  object space 199168K, 51% used [0x00000000a0000000,0x00000000a63be660,0x00000000ac280000)
 Metaspace       used 89262K, capacity 93242K, committed 93568K, reserved 1130496K
  class space    used 11718K, capacity 12546K, committed 12672K, reserved 1048576K
Event: 103.031 GC heap after
Heap after GC invocations=20 (full 3):
 PSYoungGen      total 427008K, used 34583K [0x00000000e0000000, 0x0000000100000000, 0x0000000100000000)
  eden space 369152K, 0% used [0x00000000e0000000,0x00000000e0000000,0x00000000f6880000)
  from space 57856K, 59% used [0x00000000f6880000,0x00000000f8a45d48,0x00000000fa100000)
  to   space 57856K, 0% used [0x00000000fc780000,0x00000000fc780000,0x0000000100000000)
 ParOldGen       total 199168K, used 129772K [0x00000000a0000000, 0x00000000ac280000, 0x00000000e0000000)
  object space 199168K, 65% used [0x00000000a0000000,0x00000000a7ebb318,0x00000000ac280000)
 Metaspace       used 89262K, capacity 93242K, committed 93568K, reserved 1130496K
  class space    used 11718K, capacity 12546K, committed 12672K, reserved 1048576K
}
Event: 106.964 GC heap before
{Heap before GC invocations=21 (full 3):
 PSYoungGen      total 427008K, used 403735K [0x00000000e0000000, 0x0000000100000000, 0x0000000100000000)
  eden space 369152K, 100% used [0x00000000e0000000,0x00000000f6880000,0x00000000f6880000)
  from space 57856K, 59% used [0x00000000f6880000,0x00000000f8a45d48,0x00000000fa100000)
  to   space 57856K, 0% used [0x00000000fc780000,0x00000000fc780000,0x0000000100000000)
 ParOldGen       total 199168K, used 129772K [0x00000000a0000000, 0x00000000ac280000, 0x00000000e0000000)
  object space 199168K, 65% used [0x00000000a0000000,0x00000000a7ebb318,0x00000000ac280000)
 Metaspace       used 91265K, capacity 95382K, committed 95616K, reserved 1132544K
  class space    used 12015K, capacity 12870K, committed 12928K, reserved 1048576K
Event: 107.122 GC heap after
Heap after GC invocations=21 (full 3):
 PSYoungGen      total 403968K, used 57835K [0x00000000e0000000, 0x0000000100000000, 0x0000000100000000)
  eden space 346112K, 0% used [0x00000000e0000000,0x00000000e0000000,0x00000000f5200000)
  from space 57856K, 99% used [0x00000000fc780000,0x00000000ffffad40,0x0000000100000000)
  to   space 89088K, 0% used [0x00000000f5200000,0x00000000f5200000,0x00000000fa900000)
 ParOldGen       total 199168K, used 191025K [0x00000000a0000000, 0x00000000ac280000, 0x00000000e0000000)
  object space 199168K, 95% used [0x00000000a0000000,0x00000000aba8c618,0x00000000ac280000)
 Metaspace       used 91265K, capacity 95382K, committed 95616K, reserved 1132544K
  class space    used 12015K, capacity 12870K, committed 12928K, reserved 1048576K
}
Event: 107.122 GC heap before
{Heap before GC invocations=22 (full 4):
 PSYoungGen      total 403968K, used 57835K [0x00000000e0000000, 0x0000000100000000, 0x0000000100000000)
  eden space 346112K, 0% used [0x00000000e0000000,0x00000000e0000000,0x00000000f5200000)
  from space 57856K, 99% used [0x00000000fc780000,0x00000000ffffad40,0x0000000100000000)
  to   space 89088K, 0% used [0x00000000f5200000,0x00000000f5200000,0x00000000fa900000)
 ParOldGen       total 199168K, used 191025K [0x00000000a0000000, 0x00000000ac280000, 0x00000000e0000000)
  object space 199168K, 95% used [0x00000000a0000000,0x00000000aba8c618,0x00000000ac280000)
 Metaspace       used 91265K, capacity 95382K, committed 95616K, reserved 1132544K
  class space    used 12015K, capacity 12870K, committed 12928K, reserved 1048576K
Event: 108.200 GC heap after
Heap after GC invocations=22 (full 4):
 PSYoungGen      total 403968K, used 16750K [0x00000000e0000000, 0x0000000100000000, 0x0000000100000000)
  eden space 346112K, 0% used [0x00000000e0000000,0x00000000e0000000,0x00000000f5200000)
  from space 57856K, 28% used [0x00000000fc780000,0x00000000fd7db9e8,0x0000000100000000)
  to   space 89088K, 0% used [0x00000000f5200000,0x00000000f5200000,0x00000000fa900000)
 ParOldGen       total 407552K, used 198764K [0x00000000a0000000, 0x00000000b8e00000, 0x00000000e0000000)
  object space 407552K, 48% used [0x00000000a0000000,0x00000000ac21b200,0x00000000b8e00000)
 Metaspace       used 91265K, capacity 95382K, committed 95616K, reserved 1132544K
  class space    used 12015K, capacity 12870K, committed 12928K, reserved 1048576K
}

